2026-03-27 01:19:17,488:ERROR:app.app:error while registring user
Traceback (most recent call last):
  File "/Users/sivajampana/Desktop/prac_end/.venv/lib/python3.12/site-packages/sqlalchemy/engine/base.py", line 1967, in _exec_single_context
    self.dialect.do_execute(
  File "/Users/sivajampana/Desktop/prac_end/.venv/lib/python3.12/site-packages/sqlalchemy/engine/default.py", line 952, in do_execute
    cursor.execute(statement, parameters)
sqlite3.IntegrityError: UNIQUE constraint failed: user.name

The above exception was the direct cause of the following exception:

Traceback (most recent call last):
  File "/Users/sivajampana/Desktop/prac_end/app/app.py", line 67, in RegisterUser
    session.commit()
  File "/Users/sivajampana/Desktop/prac_end/.venv/lib/python3.12/site-packages/sqlalchemy/orm/session.py", line 2030, in commit
    trans.commit(_to_root=True)
  File "<string>", line 2, in commit
  File "/Users/sivajampana/Desktop/prac_end/.venv/lib/python3.12/site-packages/sqlalchemy/orm/state_changes.py", line 137, in _go
    ret_value = fn(self, *arg, **kw)
                ^^^^^^^^^^^^^^^^^^^^
  File "/Users/sivajampana/Desktop/prac_end/.venv/lib/python3.12/site-packages/sqlalchemy/orm/session.py", line 1311, in commit
    self._prepare_impl()
  File "<string>", line 2, in _prepare_impl
  File "/Users/sivajampana/Desktop/prac_end/.venv/lib/python3.12/site-packages/sqlalchemy/orm/state_changes.py", line 137, in _go
    ret_value = fn(self, *arg, **kw)
                ^^^^^^^^^^^^^^^^^^^^
  File "/Users/sivajampana/Desktop/prac_end/.venv/lib/python3.12/site-packages/sqlalchemy/orm/session.py", line 1286, in _prepare_impl
    self.session.flush()
  File "/Users/sivajampana/Desktop/prac_end/.venv/lib/python3.12/site-packages/sqlalchemy/orm/session.py", line 4331, in flush
    self._flush(objects)
  File "/Users/sivajampana/Desktop/prac_end/.venv/lib/python3.12/site-packages/sqlalchemy/orm/session.py", line 4466, in _flush
    with util.safe_reraise():
         ^^^^^^^^^^^^^^^^^^^
  File "/Users/sivajampana/Desktop/prac_end/.venv/lib/python3.12/site-packages/sqlalchemy/util/langhelpers.py", line 121, in __exit__
    raise exc_value.with_traceback(exc_tb)
  File "/Users/sivajampana/Desktop/prac_end/.venv/lib/python3.12/site-packages/sqlalchemy/orm/session.py", line 4427, in _flush
    flush_context.execute()
  File "/Users/sivajampana/Desktop/prac_end/.venv/lib/python3.12/site-packages/sqlalchemy/orm/unitofwork.py", line 466, in execute
    rec.execute(self)
  File "/Users/sivajampana/Desktop/prac_end/.venv/lib/python3.12/site-packages/sqlalchemy/orm/unitofwork.py", line 642, in execute
    util.preloaded.orm_persistence.save_obj(
  File "/Users/sivajampana/Desktop/prac_end/.venv/lib/python3.12/site-packages/sqlalchemy/orm/persistence.py", line 93, in save_obj
    _emit_insert_statements(
  File "/Users/sivajampana/Desktop/prac_end/.venv/lib/python3.12/site-packages/sqlalchemy/orm/persistence.py", line 1233, in _emit_insert_statements
    result = connection.execute(
             ^^^^^^^^^^^^^^^^^^^
  File "/Users/sivajampana/Desktop/prac_end/.venv/lib/python3.12/site-packages/sqlalchemy/engine/base.py", line 1419, in execute
    return meth(
           ^^^^^
  File "/Users/sivajampana/Desktop/prac_end/.venv/lib/python3.12/site-packages/sqlalchemy/sql/elements.py", line 527, in _execute_on_connection
    return connection._execute_clauseelement(
           ^^^^^^^^^^^^^^^^^^^^^^^^^^^^^^^^^^
  File "/Users/sivajampana/Desktop/prac_end/.venv/lib/python3.12/site-packages/sqlalchemy/engine/base.py", line 1641, in _execute_clauseelement
    ret = self._execute_context(
          ^^^^^^^^^^^^^^^^^^^^^^
  File "/Users/sivajampana/Desktop/prac_end/.venv/lib/python3.12/site-packages/sqlalchemy/engine/base.py", line 1846, in _execute_context
    return self._exec_single_context(
           ^^^^^^^^^^^^^^^^^^^^^^^^^^
  File "/Users/sivajampana/Desktop/prac_end/.venv/lib/python3.12/site-packages/sqlalchemy/engine/base.py", line 1986, in _exec_single_context
    self._handle_dbapi_exception(
  File "/Users/sivajampana/Desktop/prac_end/.venv/lib/python3.12/site-packages/sqlalchemy/engine/base.py", line 2363, in _handle_dbapi_exception
    raise sqlalchemy_exception.with_traceback(exc_info[2]) from e
  File "/Users/sivajampana/Desktop/prac_end/.venv/lib/python3.12/site-packages/sqlalchemy/engine/base.py", line 1967, in _exec_single_context
    self.dialect.do_execute(
  File "/Users/sivajampana/Desktop/prac_end/.venv/lib/python3.12/site-packages/sqlalchemy/engine/default.py", line 952, in do_execute
    cursor.execute(statement, parameters)
sqlalchemy.exc.IntegrityError: (sqlite3.IntegrityError) UNIQUE constraint failed: user.name
[SQL: INSERT INTO user (name, hash_pass) VALUES (?, ?)]
[parameters: ('siva', '$2b$12$.EA1pdLxcWRhfcejCCfsjuwPnaDLObQ4JiPsOgavZV0/ohoOBzGJa')]
(Background on this error at: https://sqlalche.me/e/20/gkpj)
2026-03-27 14:06:10,541:DEBUG:app.app:siva
2026-03-27 15:52:34,935:DEBUG:app.app:siva,UserRole.admin
2026-03-27 15:55:41,013:DEBUG:app.app:vishnu,UserRole.user
2026-04-05 01:27:09,908:DEBUG:app.app:sivateja,UserRole.admin
2026-04-05 01:36:54,036:DEBUG:app.app:vishnu,UserRole.user
2026-04-05 03:17:02,822:DEBUG:app.app:sivateja,UserRole.admin
2026-04-06 01:13:50,467:DEBUG:app.app:sivateja,UserRole.admin
